2022-10-25 00:30:58.381 [http-bio-80-exec-1] INFO  com.hit.web.Servlet.Login - SerenKawaiii登录成功
2022-10-25 00:36:57.873 [http-bio-80-exec-4] INFO  com.hit.web.Servlet.Login - Shirou登录成功
2022-10-25 00:37:49.874 [http-bio-80-exec-10] INFO  com.hit.web.Servlet.Login - SerenKawaii登录成功
2022-10-25 00:38:24.056 [http-bio-80-exec-10] INFO  com.hit.web.Servlet.Login - SerenKawaiii登录成功
2022-10-25 10:58:28.575 [http-bio-80-exec-5] INFO  com.hit.web.Servlet.Login - Shirou登录成功
2022-10-25 10:58:39.852 [http-bio-80-exec-8] INFO  com.hit.web.Servlet.Login - Shirou登录成功
2022-10-25 10:59:56.383 [http-bio-80-exec-3] INFO  com.hit.web.Servlet.Login - SerenKawaii登录成功
2022-10-25 11:04:35.451 [http-bio-80-exec-8] INFO  com.hit.web.Servlet.Login - Shirou登录成功
2022-10-25 11:05:12.075 [http-bio-80-exec-9] INFO  com.hit.web.Servlet.Login - SerenKawaiii登录成功
2022-10-25 11:11:25.069 [http-bio-80-exec-4] INFO  com.hit.web.Servlet.Login - Shirou登录成功
2022-10-25 11:11:34.591 [http-bio-80-exec-10] INFO  com.hit.web.Servlet.Login - Shirou登录成功
2022-10-25 12:16:21.921 [http-bio-80-exec-1] INFO  com.hit.web.Servlet.Login - Shirou登录成功
2022-10-25 12:17:21.695 [http-bio-80-exec-8] INFO  com.hit.web.Servlet.Login - SerenKawaiii登录成功
2022-10-25 12:39:11.726 [http-bio-80-exec-4] INFO  com.hit.web.Servlet.Login - SerenKawaiii登录成功
2022-10-25 13:27:01.336 [http-bio-80-exec-7] INFO  com.hit.web.Servlet.Login - SerenKawaiii登录成功
2022-10-25 19:40:08.639 [http-bio-80-exec-2] INFO  com.hit.web.Servlet.Login - SerenKawaiii登录成功
2022-10-25 19:55:51.878 [http-bio-80-exec-7] INFO  com.hit.web.Servlet.Login - SerenKawaiii登录成功
2022-10-25 20:04:31.512 [http-bio-80-exec-2] INFO  com.hit.web.Servlet.Login - SerenKawaiii登录成功
2022-10-25 20:56:30.824 [http-bio-80-exec-5] INFO  com.hit.web.Servlet.Login - SerenKawaiii登录成功
2022-10-25 20:57:14.552 [http-bio-80-exec-5] INFO  com.hit.web.Servlet.Login - Shirou登录成功
2022-10-25 21:18:07.123 [http-bio-80-exec-2] INFO  com.hit.web.Servlet.Register - Eriya233333注册成功
2022-10-25 21:18:20.286 [Thread-6] ERROR com.hit.util.MailUtil - 向houchangkun@gmail.com邮件成功失败!
2022-10-25 21:21:37.692 [http-bio-80-exec-5] INFO  com.hit.web.Servlet.Register - Eriya233注册成功
2022-10-25 21:21:58.732 [Thread-7] INFO  com.hit.util.MailUtil - 向houchangkun@gmail.com邮件成功发送!
2022-10-25 21:24:24.904 [http-bio-80-exec-4] ERROR com.hit.web.Servlet.Login - Eriya233登录失败，账号未激活
2022-10-25 21:25:41.460 [http-bio-80-exec-1] INFO  com.hit.web.Servlet.ActiveServlet - code=UQ0g
2022-10-25 21:25:41.461 [http-bio-80-exec-1] INFO  com.hit.web.Servlet.ActiveServlet - 实际参数为 UQ0g
2022-10-25 21:25:52.018 [http-bio-80-exec-1] INFO  com.hit.web.Servlet.Login - Eriya233登录成功
2022-10-25 21:26:27.519 [http-bio-80-exec-1] INFO  com.hit.web.Servlet.Login - Shirou登录成功
