2022-10-24 00:05:50.905 [http-bio-80-exec-7] INFO  com.hit.web.Servlet.Register - Kotomi注册成功
2022-10-24 00:05:53.337 [Thread-6] INFO  com.hit.util.MailUtil - 向houchangkun@gmail.com邮件成功发送!
2022-10-24 00:18:05.757 [http-bio-80-exec-7] INFO  com.hit.web.Servlet.Register - Foukochan注册成功
2022-10-24 00:18:07.828 [Thread-6] INFO  com.hit.util.MailUtil - 向houchangkun@gmail.com邮件成功发送!
2022-10-24 00:20:09.617 [http-bio-80-exec-7] INFO  com.hit.web.Servlet.Register - kaguranana注册成功
2022-10-24 00:20:11.689 [Thread-6] INFO  com.hit.util.MailUtil - 向houchangkun@gamil.com邮件成功发送!
2022-10-24 00:28:51.855 [http-bio-80-exec-8] INFO  com.hit.web.Servlet.Register - kaguramea注册成功
2022-10-24 00:28:53.831 [Thread-6] INFO  com.hit.util.MailUtil - 向houchangkun@gmail.com邮件成功发送!
2022-10-24 00:45:26.215 [http-bio-80-exec-7] INFO  com.hit.web.Servlet.Register - AzumaSeren注册成功
2022-10-24 00:45:28.211 [Thread-6] INFO  com.hit.util.MailUtil - 向houchangkun@gmail.com邮件成功发送!
2022-10-24 00:48:45.034 [http-bio-80-exec-5] INFO  com.hit.web.Servlet.Register - Seren注册成功
2022-10-24 00:48:47.194 [Thread-6] INFO  com.hit.util.MailUtil - 向houchangkun@gmail.com邮件成功发送!
2022-10-24 00:48:56.331 [http-bio-80-exec-6] INFO  com.hit.web.Servlet.activeServlet - code=4GgK
2022-10-24 00:48:56.331 [http-bio-80-exec-6] INFO  com.hit.web.Servlet.activeServlet - 实际参数为 null
2022-10-24 00:50:18.639 [http-bio-80-exec-5] INFO  com.hit.web.Servlet.Register - SerenKawaii注册成功
2022-10-24 00:50:20.678 [Thread-6] INFO  com.hit.util.MailUtil - 向houchangkun@gmail.com邮件成功发送!
2022-10-24 00:50:28.269 [http-bio-80-exec-7] INFO  com.hit.web.Servlet.activeServlet - code=cDJN
2022-10-24 00:50:28.270 [http-bio-80-exec-7] INFO  com.hit.web.Servlet.activeServlet - 实际参数为 cDJN
2022-10-24 01:03:12.223 [http-bio-80-exec-1] INFO  com.hit.web.Servlet.Login - Shirou登录成功
2022-10-24 01:03:15.079 [http-bio-80-exec-3] INFO  com.hit.web.Servlet.Login - Shirou登录成功
2022-10-24 01:04:22.692 [http-bio-80-exec-6] INFO  com.hit.web.Servlet.Login - SerenKawaii登录成功
2022-10-24 01:05:19.361 [http-bio-80-exec-1] INFO  com.hit.web.Servlet.Login - SerenKawaii登录成功
2022-10-24 01:05:41.991 [http-bio-80-exec-7] INFO  com.hit.web.Servlet.Register - SerenKawaiii注册成功
2022-10-24 01:05:44.141 [Thread-6] INFO  com.hit.util.MailUtil - 向houchangkun@gmail.com邮件成功发送!
2022-10-24 01:05:53.975 [http-bio-80-exec-8] INFO  com.hit.web.Servlet.activeServlet - code=ql7a
2022-10-24 01:05:53.975 [http-bio-80-exec-8] INFO  com.hit.web.Servlet.activeServlet - 实际参数为 ql7a
2022-10-24 01:06:02.982 [http-bio-80-exec-9] INFO  com.hit.web.Servlet.Login - SerenKawaiii登录成功
2022-10-24 01:06:20.099 [http-bio-80-exec-10] INFO  com.hit.web.Servlet.Login - AzumaSeren登录失败，账号未激活
2022-10-24 01:07:20.471 [http-bio-80-exec-1] INFO  com.hit.web.Servlet.Login - AzumaSeren登录失败，账号未激活
2022-10-24 01:09:01.321 [http-bio-80-exec-1] INFO  com.hit.web.Servlet.Login - AzumaSeren登录失败，账号未激活
2022-10-24 01:09:05.037 [http-bio-80-exec-3] INFO  com.hit.web.Filter.LoginFilter - 当前登录账户为SerenKawaiii
2022-10-24 01:10:15.909 [http-bio-80-exec-1] ERROR com.hit.web.Servlet.Login - AzumaSeren登录失败，账号未激活
2022-10-24 01:10:23.840 [http-bio-80-exec-3] INFO  com.hit.web.Filter.LoginFilter - 当前登录账户为SerenKawaiii
2022-10-24 19:04:31.632 [http-bio-80-exec-1] INFO  com.hit.web.Filter.LoginFilter - 当前登录账户为null
2022-10-24 19:05:19.385 [http-bio-80-exec-4] INFO  com.hit.web.Servlet.Login - SerenKawaiii登录成功
2022-10-24 19:05:20.652 [http-bio-80-exec-5] INFO  com.hit.web.Filter.LoginFilter - 当前登录账户为SerenKawaiii
2022-10-24 19:05:22.834 [http-bio-80-exec-7] INFO  com.hit.web.Filter.LoginFilter - 当前登录账户为SerenKawaiii
2022-10-24 19:09:32.044 [http-bio-80-exec-1] INFO  com.hit.web.Servlet.Login - SerenKawaiii登录成功
2022-10-24 19:09:33.404 [http-bio-80-exec-3] INFO  com.hit.web.Filter.LoginFilter - 当前登录账户为SerenKawaiii
2022-10-24 19:09:33.883 [http-bio-80-exec-5] INFO  com.hit.web.Filter.LoginFilter - 当前登录账户为SerenKawaiii
2022-10-24 19:09:36.447 [http-bio-80-exec-6] INFO  com.hit.web.Filter.LoginFilter - 当前登录账户为SerenKawaiii
2022-10-24 19:09:36.849 [http-bio-80-exec-7] INFO  com.hit.web.Filter.LoginFilter - 当前登录账户为SerenKawaiii
2022-10-24 19:12:56.822 [http-bio-80-exec-1] INFO  com.hit.web.Servlet.Login - SerenKawaiii登录成功
2022-10-24 19:12:58.200 [http-bio-80-exec-3] INFO  com.hit.web.Filter.LoginFilter - 当前登录账户为SerenKawaiii
2022-10-24 19:12:58.605 [http-bio-80-exec-5] INFO  com.hit.web.Filter.LoginFilter - 当前登录账户为SerenKawaiii
2022-10-24 19:14:24.810 [http-bio-80-exec-1] ERROR com.hit.web.Servlet.Login - SerenKawaiiifdwa登录失败！
2022-10-24 19:14:27.221 [http-bio-80-exec-4] INFO  com.hit.web.Servlet.Login - SerenKawaiii登录成功
2022-10-24 19:14:28.856 [http-bio-80-exec-5] INFO  com.hit.web.Filter.LoginFilter - 当前登录账户为SerenKawaiii
2022-10-24 23:19:10.784 [http-bio-80-exec-1] INFO  com.hit.web.Servlet.Login - SerenKawaiii登录成功
2022-10-24 23:19:11.919 [http-bio-80-exec-3] INFO  com.hit.web.Filter.LoginFilter - 当前登录账户为SerenKawaiii
2022-10-24 23:19:12.292 [http-bio-80-exec-5] INFO  com.hit.web.Filter.LoginFilter - 当前登录账户为SerenKawaiii
2022-10-24 23:19:45.088 [http-bio-80-exec-6] INFO  com.hit.web.Filter.LoginFilter - 当前登录账户为SerenKawaiii
2022-10-24 23:19:45.403 [http-bio-80-exec-7] INFO  com.hit.web.Filter.LoginFilter - 当前登录账户为SerenKawaiii
2022-10-24 23:20:10.751 [http-bio-80-exec-8] INFO  com.hit.web.Filter.LoginFilter - 当前登录账户为SerenKawaiii
2022-10-24 23:20:11.081 [http-bio-80-exec-10] INFO  com.hit.web.Filter.LoginFilter - 当前登录账户为SerenKawaiii
2022-10-24 23:20:57.566 [http-bio-80-exec-10] INFO  com.hit.web.Filter.LoginFilter - 当前登录账户为SerenKawaiii
2022-10-24 23:20:57.882 [http-bio-80-exec-10] INFO  com.hit.web.Filter.LoginFilter - 当前登录账户为SerenKawaiii
2022-10-24 23:21:12.595 [http-bio-80-exec-10] INFO  com.hit.web.Filter.LoginFilter - 当前登录账户为SerenKawaiii
2022-10-24 23:21:12.916 [http-bio-80-exec-10] INFO  com.hit.web.Filter.LoginFilter - 当前登录账户为SerenKawaiii
2022-10-24 23:21:47.315 [http-bio-80-exec-10] INFO  com.hit.web.Filter.LoginFilter - 当前登录账户为SerenKawaiii
2022-10-24 23:21:47.645 [http-bio-80-exec-10] INFO  com.hit.web.Filter.LoginFilter - 当前登录账户为SerenKawaiii
2022-10-24 23:21:59.168 [http-bio-80-exec-10] INFO  com.hit.web.Filter.LoginFilter - 当前登录账户为SerenKawaiii
2022-10-24 23:21:59.501 [http-bio-80-exec-10] INFO  com.hit.web.Filter.LoginFilter - 当前登录账户为SerenKawaiii
2022-10-24 23:22:48.264 [http-bio-80-exec-4] INFO  com.hit.web.Filter.LoginFilter - 当前登录账户为null
2022-10-24 23:23:05.101 [http-bio-80-exec-9] INFO  com.hit.web.Filter.LoginFilter - 当前登录账户为null
2022-10-24 23:23:06.902 [http-bio-80-exec-6] INFO  com.hit.web.Filter.LoginFilter - 当前登录账户为null
2022-10-24 23:23:11.816 [http-bio-80-exec-7] INFO  com.hit.web.Filter.LoginFilter - 当前登录账户为SerenKawaiii
2022-10-24 23:23:12.127 [http-bio-80-exec-7] INFO  com.hit.web.Filter.LoginFilter - 当前登录账户为SerenKawaiii
2022-10-24 23:23:55.723 [http-bio-80-exec-7] INFO  com.hit.web.Filter.LoginFilter - 当前登录账户为SerenKawaiii
2022-10-24 23:23:57.950 [http-bio-80-exec-7] INFO  com.hit.web.Filter.LoginFilter - 当前登录账户为SerenKawaiii
2022-10-24 23:25:43.075 [http-bio-80-exec-4] INFO  com.hit.web.Filter.LoginFilter - 当前登录账户为SerenKawaiii
2022-10-24 23:25:44.341 [http-bio-80-exec-4] INFO  com.hit.web.Filter.LoginFilter - 当前登录账户为SerenKawaiii
2022-10-24 23:26:05.687 [http-bio-80-exec-4] INFO  com.hit.web.Filter.LoginFilter - 当前登录账户为SerenKawaiii
2022-10-24 23:26:06.848 [http-bio-80-exec-4] INFO  com.hit.web.Filter.LoginFilter - 当前登录账户为SerenKawaiii
2022-10-24 23:31:42.647 [http-bio-80-exec-3] INFO  com.hit.web.Filter.LoginFilter - 当前登录账户为SerenKawaiii
2022-10-24 23:31:42.886 [http-bio-80-exec-3] INFO  com.hit.web.Filter.LoginFilter - 当前登录账户为SerenKawaiii
2022-10-24 23:31:45.012 [http-bio-80-exec-3] INFO  com.hit.web.Filter.LoginFilter - 当前登录账户为SerenKawaiii
2022-10-24 23:31:45.109 [http-bio-80-exec-3] INFO  com.hit.web.Filter.LoginFilter - 当前登录账户为SerenKawaiii
2022-10-24 23:32:53.203 [http-bio-80-exec-1] INFO  com.hit.web.Filter.LoginFilter - 当前登录账户为SerenKawaiii
2022-10-24 23:32:53.383 [http-bio-80-exec-1] INFO  com.hit.web.Filter.LoginFilter - 当前登录账户为SerenKawaiii
2022-10-24 23:33:08.663 [http-bio-80-exec-1] INFO  com.hit.web.Filter.LoginFilter - 当前登录账户为SerenKawaiii
2022-10-24 23:33:08.832 [http-bio-80-exec-1] INFO  com.hit.web.Filter.LoginFilter - 当前登录账户为SerenKawaiii
2022-10-24 23:33:10.101 [http-bio-80-exec-1] INFO  com.hit.web.Filter.LoginFilter - 当前登录账户为SerenKawaiii
2022-10-24 23:33:10.191 [http-bio-80-exec-1] INFO  com.hit.web.Filter.LoginFilter - 当前登录账户为SerenKawaiii
2022-10-24 23:33:55.864 [http-bio-80-exec-1] INFO  com.hit.web.Filter.LoginFilter - 当前登录账户为SerenKawaiii
2022-10-24 23:33:55.962 [http-bio-80-exec-1] INFO  com.hit.web.Filter.LoginFilter - 当前登录账户为SerenKawaiii
2022-10-24 23:34:31.765 [http-bio-80-exec-1] INFO  com.hit.web.Servlet.Login - SerenKawaiii登录成功
2022-10-25 00:30:10.661 [http-bio-80-exec-1] INFO  com.hit.web.Servlet.Login - SerenKawaiii登录成功
